<?xml version='1.0' encoding='UTF-8'?>
<testsuite hostname="econ2-193-225-dhcp.int.colorado.edu" name="edu.colorado.csci3155.project1.StackMachineTestRecitation" tests="10" errors="0" failures="1" skipped="0" time="0.16" timestamp="2023-03-10T15:04:50">
                     <properties>
[...]
</properties>
                     <testcase classname="edu.colorado.csci3155.project1.StackMachineTestRecitation" name="stack machine test 1: Empty Instruction List" time="0.076">
                                                 
                                               </testcase><testcase classname="edu.colorado.csci3155.project1.StackMachineTestRecitation" name="stack machine test 2: PopI - when Empty Stack" time="0.033">
                                                 
                                               </testcase><testcase classname="edu.colorado.csci3155.project1.StackMachineTestRecitation" name="stack machine test 3: PushNumI(d:Double)" time="0.004">
                                                 
                                               </testcase><testcase classname="edu.colorado.csci3155.project1.StackMachineTestRecitation" name="stack machine test 4: PushBoolI(b:Bool)" time="0.011">
                                                 
                                               </testcase><testcase classname="edu.colorado.csci3155.project1.StackMachineTestRecitation" name="stack machine test 5: PushNumI(d:Double) + PopI" time="0.006">
                                                 
                                               </testcase><testcase classname="edu.colorado.csci3155.project1.StackMachineTestRecitation" name="stack machine test 6: Load Env - when Empty" time="0.025">
                                                 <failure message="&quot;[head of empty list]&quot; did not equal &quot;[ErrLoadEnv.1: Stack is Empty. Cannot LoadEnv.]&quot;" type="org.scalatest.exceptions.TestFailedException">org.scalatest.exceptions.TestFailedException: &quot;[head of empty list]&quot; did not equal &quot;[ErrLoadEnv.1: Stack is Empty. Cannot LoadEnv.]&quot;
	at org.scalatest.Assertions.newAssertionFailedException(Assertions.scala:530)
	at org.scalatest.Assertions.newAssertionFailedException$(Assertions.scala:529)
	at org.scalatest.FunSuite.newAssertionFailedException(FunSuite.scala:1560)
	at org.scalatest.Assertions$AssertionsHelper.macroAssert(Assertions.scala:503)
	at edu.colorado.csci3155.project1.StackMachineTestRecitation.$anonfun$new$9(StackMachineTest.scala:291)
	at org.scalatest.OutcomeOf.outcomeOf(OutcomeOf.scala:85)
	at org.scalatest.OutcomeOf.outcomeOf$(OutcomeOf.scala:83)
	at org.scalatest.OutcomeOf$.outcomeOf(OutcomeOf.scala:104)
	at org.scalatest.Transformer.apply(Transformer.scala:22)
	at org.scalatest.Transformer.apply(Transformer.scala:20)
	at org.scalatest.FunSuiteLike$$anon$1.apply(FunSuiteLike.scala:186)
	at org.scalatest.TestSuite.withFixture(TestSuite.scala:196)
	at org.scalatest.TestSuite.withFixture$(TestSuite.scala:195)
	at org.scalatest.FunSuite.withFixture(FunSuite.scala:1560)
	at org.scalatest.FunSuiteLike.invokeWithFixture$1(FunSuiteLike.scala:184)
	at org.scalatest.FunSuiteLike.$anonfun$runTest$1(FunSuiteLike.scala:196)
	at org.scalatest.SuperEngine.runTestImpl(Engine.scala:286)
	at org.scalatest.FunSuiteLike.runTest(FunSuiteLike.scala:196)
	at org.scalatest.FunSuiteLike.runTest$(FunSuiteLike.scala:178)
	at org.scalatest.FunSuite.runTest(FunSuite.scala:1560)
	at org.scalatest.FunSuiteLike.$anonfun$runTests$1(FunSuiteLike.scala:229)
	at org.scalatest.SuperEngine.$anonfun$runTestsInBranch$1(Engine.scala:393)
	at scala.collection.immutable.List.foreach(List.scala:392)
	at org.scalatest.SuperEngine.traverseSubNodes$1(Engine.scala:381)
	at org.scalatest.SuperEngine.runTestsInBranch(Engine.scala:376)
	at org.scalatest.SuperEngine.runTestsImpl(Engine.scala:458)
	at org.scalatest.FunSuiteLike.runTests(FunSuiteLike.scala:229)
	at org.scalatest.FunSuiteLike.runTests$(FunSuiteLike.scala:228)
	at org.scalatest.FunSuite.runTests(FunSuite.scala:1560)
	at org.scalatest.Suite.run(Suite.scala:1124)
	at org.scalatest.Suite.run$(Suite.scala:1106)
	at org.scalatest.FunSuite.org$scalatest$FunSuiteLike$$super$run(FunSuite.scala:1560)
	at org.scalatest.FunSuiteLike.$anonfun$run$1(FunSuiteLike.scala:233)
	at org.scalatest.SuperEngine.runImpl(Engine.scala:518)
	at org.scalatest.FunSuiteLike.run(FunSuiteLike.scala:233)
	at org.scalatest.FunSuiteLike.run$(FunSuiteLike.scala:232)
	at org.scalatest.FunSuite.run(FunSuite.scala:1560)
	at org.scalatest.tools.Framework.org$scalatest$tools$Framework$$runSuite(Framework.scala:317)
	at org.scalatest.tools.Framework$ScalaTestTask.execute(Framework.scala:510)
	at sbt.TestRunner.runTest$1(TestFramework.scala:139)
	at sbt.TestRunner.run(TestFramework.scala:154)
	at sbt.TestFramework$$anon$3$$anonfun$$lessinit$greater$1.$anonfun$apply$1(TestFramework.scala:317)
	at sbt.TestFramework$.sbt$TestFramework$$withContextLoader(TestFramework.scala:277)
	at sbt.TestFramework$$anon$3$$anonfun$$lessinit$greater$1.apply(TestFramework.scala:317)
	at sbt.TestFramework$$anon$3$$anonfun$$lessinit$greater$1.apply(TestFramework.scala:317)
	at sbt.TestFunction.apply(TestFramework.scala:329)
	at sbt.Tests$.$anonfun$toTask$1(Tests.scala:311)
	at sbt.std.Transform$$anon$3.$anonfun$apply$2(Transform.scala:46)
	at sbt.std.Transform$$anon$4.work(Transform.scala:67)
	at sbt.Execute.$anonfun$submit$2(Execute.scala:281)
	at sbt.internal.util.ErrorHandling$.wideConvert(ErrorHandling.scala:19)
	at sbt.Execute.work(Execute.scala:290)
	at sbt.Execute.$anonfun$submit$1(Execute.scala:281)
	at sbt.ConcurrentRestrictions$$anon$4.$anonfun$submitValid$1(ConcurrentRestrictions.scala:178)
	at sbt.CompletionService$$anon$2.call(CompletionService.scala:37)
	at java.util.concurrent.FutureTask.run(FutureTask.java:266)
	at java.util.concurrent.Executors$RunnableAdapter.call(Executors.java:511)
	at java.util.concurrent.FutureTask.run(FutureTask.java:266)
	at java.util.concurrent.ThreadPoolExecutor.runWorker(ThreadPoolExecutor.java:1149)
	at java.util.concurrent.ThreadPoolExecutor$Worker.run(ThreadPoolExecutor.java:624)
	at java.lang.Thread.run(Thread.java:748)
</failure>
                                               </testcase><testcase classname="edu.colorado.csci3155.project1.StackMachineTestRecitation" name="stack machine test 7: Load Env - when Non-Empty" time="0.002">
                                                 
                                               </testcase><testcase classname="edu.colorado.csci3155.project1.StackMachineTestRecitation" name="stack machine test 8: Add 2 numbers. Correct input." time="0.002">
                                                 
                                               </testcase><testcase classname="edu.colorado.csci3155.project1.StackMachineTestRecitation" name="stack machine test 9: Add 2 numbers. INSUFFICIENT input." time="0.001">
                                                 
                                               </testcase><testcase classname="edu.colorado.csci3155.project1.StackMachineTestRecitation" name="stack machine test 10: Add 2 numbers. Incorrect input." time="0.0">
                                                 
                                               </testcase>
                     <system-out><![CDATA[]]></system-out>
                     <system-err><![CDATA[]]></system-err>
                   </testsuite>