[0m[[0m[0mdebug[0m] [0m[0mRunning TaskDef(edu.colorado.csci3155.project1.StackMachineTestRecitation, org.scalatest.tools.Framework$$anon$1@3ae4c378, false, [SuiteSelector])[0m
[0m[[0m[0mdebug[0m] [0m[0mRunning TaskDef(edu.colorado.csci3155.project1.CompilerTest, org.scalatest.tools.Framework$$anon$1@3ae4c378, false, [SuiteSelector])[0m
[0m[[0m[0minfo[0m] [0m[0m[36mRun completed in 1 second, 115 milliseconds.[0m[0m
[0m[[0m[0minfo[0m] [0m[0m[36mTotal number of tests run: 26[0m[0m
[0m[[0m[0minfo[0m] [0m[0m[36mSuites: completed 2, aborted 0[0m[0m
[0m[[0m[0minfo[0m] [0m[0m[36mTests: succeeded 9, failed 17, canceled 0, ignored 0, pending 0[0m[0m
[0m[[0m[0minfo[0m] [0m[0m[31m*** 17 TESTS FAILED ***[0m[0m
[0m[[0m[31merror[0m] [0m[0mFailed tests:[0m
[0m[[0m[31merror[0m] [0m[0m	edu.colorado.csci3155.project1.StackMachineTestRecitation[0m
[0m[[0m[31merror[0m] [0m[0m	edu.colorado.csci3155.project1.CompilerTest[0m
[0m[[0m[31merror[0m] [0m[0m(Test / [31mtest[0m) sbt.TestsFailedException: Tests unsuccessful[0m
